(indrz-tu) C:\Users\mdiener\Dev\pyspace\indrz-tu\scripts\data_preparation>python import_pt_space_codes.py
spaces len  579
points len  1000
total updated is  579 [288, 289, 290, 291, 292, 293, 294, 295, 296, 297, 298, 299, 300, 301, 302, 303, 304, 306, 307, 308, 309, 310, 311, 312, 313, 314, 315, 316, 317, 318, 319, 320, 321, 322, 323, 324, 325, 326, 327, 328, 329, 330, 331, 332, 333, 334, 335, 336, 337, 338, 339, 340, 341, 342, 343, 344, 345, 346, 347, 348, 349, 350, 351, 352, 353,
 354, 355, 356, 357, 358, 359, 360, 361, 362, 363, 364, 365, 366, 367, 368, 369, 370, 372, 373, 374, 375, 376, 377, 378, 379, 380, 381, 382, 383, 384, 385, 386, 387, 388, 389, 390, 391, 392, 393, 394, 395, 396, 397, 398, 399, 400, 401, 402, 403, 404, 405, 406, 407, 408, 409, 410, 411, 412, 413, 414, 415, 417, 418, 419, 422, 423, 424, 425, 426, 4
27, 428, 429, 430, 431, 432, 433, 434, 435, 436, 437, 438, 439, 440, 441, 443, 444, 448, 449, 451, 452, 453, 455, 456, 458, 459, 460, 461, 462, 463, 464, 465, 466, 472, 473, 475, 477, 479, 480, 482, 483, 484, 485, 486, 487, 488, 489, 490, 491, 492, 493, 494, 495, 496, 498, 499, 500, 501, 502, 503, 504, 505, 506, 507, 508, 509, 510, 511, 512, 513
, 514, 515, 516, 517, 518, 519, 520, 521, 522, 523, 524, 525, 526, 527, 528, 530, 531, 532, 533, 534, 535, 536, 537, 538, 539, 540, 541, 542, 546, 547, 548, 549, 550, 551, 554, 560, 561, 562, 563, 564, 565, 566, 567, 568, 569, 570, 571, 572, 573, 574, 576, 577, 579, 580, 581, 582, 583, 584, 586, 587, 1010, 1011, 1012, 1013, 1024, 1025, 1048, 105
0, 1051, 1052, 1053, 1054, 1055, 1056, 1057, 1058, 1059, 1060, 1061, 1062, 1063, 1065, 1067, 1068, 1069, 1070, 1071, 1072, 1073, 1074, 1075, 1076, 1077, 1078, 1079, 1080, 1081, 1082, 1083, 1085, 1086, 1087, 1088, 1089, 1090, 1091, 1092, 1093, 1094, 1095, 1096, 1097, 1098, 1099, 1100, 1101, 1102, 1103, 1104, 1105, 1106, 1107, 1108, 1109, 1110, 11
11, 1112, 1113, 1114, 1115, 1116, 1117, 1118, 1119, 1120, 1121, 1122, 1123, 1124, 1125, 1126, 1127, 1128, 1129, 1130, 1131, 1132, 1133, 1134, 1135, 1136, 1137, 1138, 1139, 1140, 1141, 1142, 1150, 1151, 1180, 1181, 1182, 1183, 1184, 1185, 1186, 1187, 1188, 1189, 1190, 1191, 1192, 1193, 1196, 1197, 1198, 1199, 1200, 1201, 1202, 1203, 1204, 1205, 1
206, 1352, 1354, 1357, 1364, 1365, 1366, 1367, 1368, 1369, 1371, 1372, 1373, 1374, 1375, 1376, 1377, 1378, 1379, 1380, 1381, 1382, 1383, 1384, 1385, 1386, 1387, 1389, 1390, 1391, 1392, 1395, 1396, 1398, 1399, 1400, 1401, 1404, 1405, 1406, 1407, 1408, 1411, 1412, 1413, 1414, 1415, 1416, 1417, 1418, 1419, 1420, 1421, 1422, 1424, 1425, 1426, 1427,
1428, 1429, 1430, 1431, 1436, 1437, 1438, 1439, 1440, 1441, 1442, 1443, 1444, 1445, 1446, 1447, 1448, 1449, 1450, 1451, 1453, 1454, 1458, 1459, 1460, 1461, 1462, 1463, 1464, 1465, 1466, 1467, 1468, 1469, 1470, 1471, 1472, 1473, 1474, 1475, 1479, 1481, 1482, 1483, 1485, 1487, 1488, 1489, 1490, 1491, 1492, 1493, 1494, 1495, 1496, 1497, 1498, 1499,
 1500, 1501, 1502, 1503, 1504, 1505, 1506, 1507, 1508, 1509, 1510, 1511, 1512, 1513, 1514, 1515, 1516, 1517, 1518, 1519, 1521, 1522, 1523, 1524, 1525, 1526, 1527, 1528, 1529, 1530, 1531, 1532, 1533, 1534, 1535, 1536, 1537, 1538, 1539, 1540, 1541, 1542, 1543, 1546, 1547, 1548, 1549, 1550, 1551, 1552, 1553, 1554, 1555, 1556, 1557, 1558, 1559, 1560
, 1811, 1812, 1814, 1815, 1816, 1817, 1818, 1820, 1821, 1823, 1824, 1825, 1826, 1828, 1829, 1833, 1835, 1842]
spaces len  466
points len  828
total updated is  466 [505, 595, 333, 561, 320, 330, 937, 298, 550, 525, 570, 318, 1160, 1212, 575, 997, 523, 1103, 1109, 1231, 396, 1189, 302, 1085, 1110, 1155, 338, 539, 929, 951, 545, 1183, 1083, 1080, 328, 1081, 1097, 354, 371, 584, 446, 1223, 1073, 342, 1078, 1209, 1219, 1154, 341, 1158, 434, 1168, 304, 1193, 953, 577, 1229, 1232, 986, 458,
 498, 1225, 387, 938, 1425, 537, 1009, 540, 1077, 453, 426, 960, 520, 1191, 465, 529, 1211, 1198, 442, 996, 968, 1084, 589, 486, 504, 313, 898, 507, 587, 566, 597, 308, 310, 438, 966, 1208, 427, 307, 973, 428, 467, 909, 1177, 1213, 1101, 1205, 1156, 557, 582, 1096, 1230, 366, 469, 976, 970, 1165, 988, 370, 1006, 452, 928, 542, 889, 1179, 517, 11
11, 921, 332, 1014, 955, 499, 1072, 363, 1192, 337, 1222, 991, 490, 962, 985, 1171, 473, 484, 1104, 949, 456, 556, 1167, 1157, 1000, 385, 983, 1164, 1010, 340, 1173, 1210, 501, 439, 1176, 975, 514, 543, 1008, 468, 1108, 1098, 974, 1186, 927, 1196, 891, 978, 432, 510, 526, 300, 896, 593, 511, 541, 1071, 449, 352, 1102, 979, 551, 344, 451, 913, 33
9, 384, 326, 600, 1203, 1214, 530, 364, 513, 297, 1194, 1184, 381, 327, 1095, 899, 1007, 496, 462, 464, 1163, 950, 325, 435, 1086, 1207, 936, 367, 922, 535, 943, 316, 508, 912, 359, 1174, 506, 503, 1153, 493, 314, 386, 433, 916, 562, 995, 959, 1106, 317, 989, 558, 588, 1202, 455, 944, 1170, 518, 463, 967, 299, 538, 1076, 1087, 553, 422, 554, 475
, 1224, 945, 592, 893, 394, 515, 1150, 441, 585, 495, 1004, 969, 934, 516, 1181, 522, 917, 459, 590, 952, 294, 1161, 349, 369, 1105, 1221, 1218, 494, 965, 547, 981, 549, 1082, 567, 1220, 485, 963, 1005, 346, 1201, 416, 1015, 1195, 559, 914, 552, 958, 1003, 519, 942, 309, 450, 993, 1178, 980, 555, 1099, 564, 1188, 440, 323, 353, 1216, 321, 488, 9
71, 536, 365, 598, 569, 350, 361, 347, 941, 571, 377, 355, 521, 358, 1013, 1206, 1107, 1100, 329, 524, 378, 911, 374, 388, 445, 939, 331, 998, 1075, 382, 1023, 1187, 357, 512, 1024, 591, 982, 447, 461, 961, 383, 480, 1002, 448, 924, 892, 935, 902, 1151, 500, 443, 1169, 1079, 303, 324, 487, 360, 546, 1152, 954, 315, 1093, 1197, 563, 481, 425, 502
, 948, 599, 947, 1001, 356, 1074, 1175, 1092, 583, 1070, 301, 431, 1094, 345, 477, 1204, 977, 999, 1069, 568, 990, 586, 923, 1012, 994, 1090, 509, 1182, 548, 1091, 430, 918, 533, 957, 1162, 992, 429, 984, 910, 1166, 444, 322, 1025, 1190, 312, 915, 375, 987, 897, 1185, 527, 574, 544, 594, 454, 1172, 1215, 489, 343, 335, 565, 1217, 940, 1180, 479,
 972, 306, 305, 460, 596, 964, 528, 1011, 933, 348, 351, 295]
spaces len  368
points len  704
total updated is  368 [274, 275, 276, 277, 279, 280, 281, 282, 283, 284, 285, 286, 287, 288, 289, 290, 291, 292, 293, 294, 295, 297, 298, 299, 300, 301, 302, 303, 304, 305, 306, 307, 308, 309, 310, 311, 312, 313, 314, 315, 316, 317, 318, 319, 320, 321, 322, 323, 325, 326, 327, 328, 329, 330, 331, 332, 333, 334, 335, 336, 337, 338, 339, 340, 343,
 344, 345, 346, 347, 348, 349, 350, 351, 352, 353, 354, 355, 356, 357, 360, 361, 362, 363, 364, 365, 366, 367, 368, 369, 370, 371, 372, 373, 374, 375, 376, 377, 378, 379, 380, 381, 382, 383, 384, 385, 386, 387, 388, 389, 391, 392, 393, 394, 395, 396, 397, 400, 401, 402, 403, 404, 405, 406, 407, 408, 409, 410, 411, 412, 413, 414, 415, 416, 417, 4
18, 419, 420, 421, 422, 423, 425, 428, 429, 431, 433, 435, 436, 438, 439, 440, 441, 443, 444, 445, 446, 447, 448, 449, 450, 451, 452, 453, 456, 457, 458, 459, 460, 461, 462, 463, 464, 465, 466, 467, 468, 469, 470, 471, 472, 473, 474, 475, 476, 477, 478, 479, 480, 481, 482, 483, 484, 485, 486, 487, 488, 489, 490, 491, 492, 493, 494, 495, 496, 497
, 498, 499, 500, 501, 502, 503, 504, 505, 506, 507, 508, 509, 510, 511, 512, 513, 514, 515, 516, 517, 518, 519, 521, 522, 523, 524, 525, 527, 528, 529, 530, 531, 532, 533, 534, 535, 536, 537, 538, 539, 540, 541, 542, 543, 544, 545, 546, 547, 548, 549, 550, 551, 552, 553, 554, 555, 556, 557, 558, 559, 560, 561, 562, 563, 564, 565, 566, 567, 568,
569, 570, 571, 572, 573, 574, 577, 578, 579, 580, 581, 582, 584, 585, 586, 588, 589, 590, 591, 592, 593, 594, 595, 596, 597, 601, 602, 864, 870, 871, 872, 873, 874, 875, 876, 877, 878, 879, 880, 882, 883, 884, 885, 886, 887, 888, 889, 890, 891, 892, 893, 914, 915, 916, 917, 918, 919, 920, 921, 922, 923, 924, 925, 926, 927, 930, 931, 932, 959, 96
0, 961, 962, 963, 964, 965, 966, 967, 968, 969, 970, 971, 972, 973, 974, 975, 976, 977, 978, 979, 980, 981, 985, 986, 987, 989]
spaces len  272
points len  515
total updated is  272 [217, 218, 219, 220, 221, 222, 223, 224, 225, 226, 227, 228, 229, 230, 231, 232, 233, 234, 235, 236, 237, 238, 239, 240, 241, 242, 243, 244, 245, 246, 247, 248, 249, 250, 251, 252, 253, 254, 255, 256, 257, 258, 259, 260, 261, 262, 263, 264, 265, 266, 267, 268, 269, 270, 271, 272, 273, 274, 275, 276, 277, 278, 280, 282, 283,
 284, 285, 286, 287, 288, 289, 290, 291, 292, 293, 294, 295, 296, 297, 298, 299, 300, 301, 302, 303, 304, 305, 306, 307, 308, 309, 310, 311, 312, 313, 314, 315, 316, 317, 318, 319, 320, 321, 322, 323, 324, 325, 326, 327, 328, 329, 330, 331, 332, 333, 334, 335, 336, 337, 338, 339, 340, 341, 344, 345, 346, 347, 348, 349, 350, 351, 352, 353, 354, 3
55, 356, 357, 358, 359, 360, 361, 362, 364, 365, 366, 367, 368, 369, 370, 371, 373, 374, 375, 376, 377, 378, 379, 380, 381, 382, 383, 384, 385, 386, 387, 388, 389, 390, 391, 392, 393, 394, 395, 396, 397, 398, 399, 400, 401, 402, 403, 404, 405, 406, 408, 409, 410, 412, 413, 414, 415, 416, 417, 418, 419, 420, 421, 422, 423, 424, 425, 426, 427, 428
, 429, 430, 431, 432, 433, 434, 435, 437, 440, 441, 442, 443, 444, 445, 446, 447, 448, 451, 453, 454, 455, 456, 457, 459, 463, 464, 465, 466, 468, 469, 470, 472, 473, 475, 476, 477, 478, 479, 480, 482, 483, 484, 485, 486, 487, 488, 847, 852, 853, 854, 855, 856, 857, 858, 859, 860, 861, 862, 863, 864, 865, 866, 867, 868, 869, 870, 871, 872]
spaces len  190
points len  355
total updated is  190 [139, 140, 141, 142, 143, 144, 145, 146, 147, 148, 149, 150, 151, 152, 153, 154, 155, 156, 157, 158, 159, 160, 161, 162, 163, 164, 165, 166, 167, 168, 169, 170, 171, 172, 173, 174, 175, 176, 177, 178, 179, 180, 181, 182, 183, 184, 185, 186, 187, 188, 189, 190, 191, 192, 193, 194, 195, 196, 197, 198, 199, 200, 202, 203, 204,
 205, 206, 207, 209, 210, 211, 212, 213, 215, 216, 217, 218, 219, 222, 223, 224, 225, 226, 227, 228, 229, 230, 231, 232, 233, 234, 235, 236, 237, 238, 239, 240, 241, 242, 243, 245, 246, 247, 248, 254, 255, 256, 257, 258, 259, 260, 261, 262, 263, 264, 265, 309, 310, 313, 314, 315, 316, 317, 318, 319, 320, 321, 322, 323, 324, 325, 326, 327, 328, 3
29, 330, 331, 332, 333, 334, 335, 336, 337, 338, 339, 340, 341, 342, 343, 344, 345, 346, 347, 348, 349, 350, 351, 352, 353, 354, 356, 357, 358, 359, 360, 361, 362, 363, 364, 365, 366, 367, 370, 371, 372, 374, 375, 376, 378, 662, 668, 669, 670, 671, 672, 673, 674, 675, 676, 677]
spaces len  34
points len  67
total updated is  34 [95, 96, 97, 98, 99, 100, 101, 102, 103, 105, 107, 108, 109, 110, 111, 112, 113, 116, 118, 119, 166, 170, 171, 172, 173, 174, 175, 176, 177, 178, 179, 180, 181, 182]
spaces len  0
points len  0
total updated is  0 []
spaces len  1
points len  2
total updated is  1 [94]
spaces len  620
points len  1163
total updated is  620 [1283, 398, 354, 297, 1946, 1778, 1731, 1689, 1850, 377, 1902, 1362, 1453, 1770, 336, 1780, 468, 455, 1449, 1740, 1858, 428, 508, 1916, 1953, 293, 506, 488, 1344, 1511, 305, 1321, 1745, 1301, 1887, 1734, 1889, 1443, 1299, 1346, 434, 366, 1368, 1907, 372, 309, 1339, 510, 1315, 1864, 493, 1861, 1847, 2127, 1901, 368, 447, 445
, 500, 1860, 1762, 489, 1951, 1713, 1679, 1261, 1317, 469, 1475, 1712, 1806, 389, 1720, 1459, 1691, 1947, 2116, 1318, 1469, 365, 405, 531, 1663, 1435, 295, 1467, 311, 524, 334, 352, 1714, 1757, 1923, 316, 370, 1766, 322, 1379, 303, 357, 1865, 1790, 1375, 1914, 1348, 1316, 1700, 542, 1723, 1477, 369, 1719, 1756, 1313, 1943, 1711, 1682, 340, 1809,
 1730, 1292, 1705, 1367, 1360, 521, 1817, 1305, 1878, 409, 1314, 1753, 427, 1949, 1859, 1481, 1754, 527, 1664, 1794, 359, 1480, 1690, 547, 1744, 1851, 1791, 1955, 452, 1330, 1387, 457, 324, 436, 315, 1849, 439, 532, 1324, 362, 404, 2122, 486, 330, 1355, 1361, 375, 1293, 483, 1668, 421, 327, 1685, 1751, 463, 390, 1372, 401, 1701, 1789, 1884, 1708
, 1710, 411, 1952, 1378, 1825, 304, 1665, 1930, 1287, 333, 414, 1327, 473, 1890, 1359, 1846, 1724, 2119, 1352, 1867, 1444, 1875, 307, 332, 490, 1870, 1892, 1290, 371, 1941, 1919, 1733, 1781, 1874, 323, 382, 1358, 1336, 403, 1673, 536, 1704, 1285, 1838, 391, 1370, 384, 1821, 346, 314, 1920, 1371, 1906, 355, 1472, 1926, 1363, 1747, 298, 376, 396,
516, 1944, 1827, 499, 1463, 1343, 1695, 364, 1354, 504, 540, 448, 402, 1934, 383, 1746, 399, 379, 465, 1768, 342, 1830, 1260, 543, 1909, 417, 2117, 1748, 545, 1694, 1816, 1910, 1441, 1322, 1497, 1891, 1464, 1931, 1788, 339, 1945, 1784, 1752, 1357, 1881, 1512, 435, 1677, 459, 1295, 1773, 518, 318, 529, 1942, 1786, 351, 1312, 454, 1323, 1900, 347,
 325, 480, 1715, 1876, 550, 1680, 1340, 326, 1291, 397, 517, 1940, 353, 1883, 533, 1510, 1369, 1513, 1792, 1824, 1869, 1456, 1479, 1903, 1787, 424, 1862, 1328, 1758, 520, 2118, 1326, 519, 1880, 1356, 538, 1735, 1823, 1925, 1465, 1921, 1760, 2128, 1882, 1765, 338, 1726, 1767, 1886, 1872, 548, 1808, 1347, 432, 1311, 1763, 381, 1349, 1332, 539, 181
9, 1918, 1703, 1927, 1514, 1928, 1457, 1309, 1779, 553, 1338, 341, 528, 423, 1476, 1729, 498, 1776, 453, 446, 345, 1738, 1728, 410, 509, 530, 1334, 1832, 302, 1936, 310, 1769, 343, 392, 482, 1932, 1373, 380, 1331, 1783, 387, 1478, 395, 1917, 1848, 474, 321, 491, 1888, 1785, 1915, 1868, 501, 320, 385, 1896, 1948, 1448, 349, 1813, 1693, 479, 475,
1793, 374, 1803, 1924, 1450, 1894, 360, 319, 313, 1796, 1333, 460, 1844, 1350, 1345, 1727, 1922, 477, 1706, 472, 1364, 394, 2121, 1933, 444, 373, 1750, 1954, 541, 1351, 449, 1353, 1811, 388, 1473, 476, 555, 1795, 1836, 1515, 1908, 1937, 1707, 1871, 1877, 1310, 1843, 1696, 308, 344, 363, 1822, 1741, 1929, 1807, 1451, 386, 1772, 1376, 1289, 300, 1
278, 296, 1775, 1805, 317, 437, 1935, 335, 1302, 1277, 1939, 356, 1686, 1771, 1829, 467, 350, 1303, 525, 1818, 1799, 1699, 1446, 1828, 1697, 1286, 1288, 418, 1683, 461, 1853, 1950, 1681, 1337, 1442, 1447, 1445, 1341, 1438, 1507, 425, 1386, 400, 1879, 1452, 515, 1797, 301, 1692, 451, 1913, 1455, 523, 1320, 458, 1470, 1837, 294, 329, 441, 1329, 18
42, 514, 358, 1911, 1833, 1437, 1284, 1709, 1841, 1782, 1474, 1774, 1688, 1335, 1764, 1845, 393, 1304, 1743, 1826, 1852, 312, 1820, 1866, 481, 466, 552, 337, 431, 361, 1502, 1885, 1678, 507, 440, 1687, 544, 306, 1905, 1294, 433, 1297, 1319, 1325, 1798, 1342, 1736, 1296, 1458, 407, 496, 1307, 1810, 1670, 471, 331, 1667, 505, 1897, 378, 1722, 1912
, 1454, 1895, 1863, 430, 1721, 546, 549, 1904, 478]
spaces len  0
points len  0
total updated is  0 []
spaces len  385
points len  704
total updated is  385 [418, 419, 420, 421, 422, 423, 425, 426, 428, 430, 431, 432, 433, 434, 435, 436, 437, 438, 439, 440, 441, 442, 443, 444, 446, 447, 448, 449, 450, 451, 452, 453, 454, 455, 456, 457, 458, 461, 463, 464, 465, 466, 468, 469, 470, 471, 472, 474, 475, 476, 486, 487, 488, 490, 491, 494, 495, 496, 497, 498, 501, 502, 503, 505, 506,
 507, 508, 509, 511, 512, 513, 514, 515, 516, 517, 518, 519, 520, 521, 522, 524, 525, 526, 529, 530, 531, 532, 533, 534, 535, 536, 537, 540, 541, 542, 543, 544, 545, 546, 548, 551, 552, 553, 554, 555, 556, 557, 558, 559, 560, 561, 562, 563, 564, 565, 566, 567, 568, 569, 570, 571, 572, 573, 574, 575, 576, 577, 578, 579, 900, 901, 912, 913, 914, 9
15, 916, 917, 918, 919, 920, 922, 923, 924, 925, 926, 927, 928, 929, 930, 931, 932, 933, 934, 935, 936, 937, 938, 939, 940, 941, 942, 943, 944, 945, 946, 947, 948, 950, 951, 952, 953, 955, 987, 988, 989, 992, 993, 995, 996, 997, 998, 999, 1000, 1001, 1002, 1003, 1004, 1005, 1006, 1007, 1008, 1009, 1010, 1066, 1067, 1069, 1071, 1072, 1073, 1074,
1075, 1076, 1077, 1078, 1079, 1080, 1082, 1083, 1084, 1085, 1086, 1087, 1089, 1090, 1091, 1092, 1093, 1094, 1095, 1096, 1097, 1098, 1099, 1100, 1101, 1102, 1103, 1104, 1105, 1106, 1107, 1108, 1109, 1110, 1111, 1112, 1114, 1115, 1116, 1118, 1119, 1120, 1121, 1122, 1125, 1126, 1127, 1128, 1129, 1130, 1131, 1132, 1134, 1136, 1139, 1140, 1141, 1142,
 1143, 1144, 1145, 1146, 1147, 1148, 1149, 1150, 1151, 1153, 1154, 1155, 1156, 1158, 1159, 1160, 1164, 1165, 1166, 1167, 1168, 1169, 1170, 1171, 1172, 1173, 1174, 1175, 1176, 1177, 1178, 1179, 1180, 1181, 1182, 1183, 1184, 1185, 1186, 1187, 1188, 1189, 1190, 1191, 1192, 1193, 1194, 1195, 1196, 1197, 1198, 1199, 1200, 1201, 1202, 1203, 1204, 1205
, 1206, 1207, 1208, 1209, 1210, 1211, 1212, 1213, 1214, 1215, 1216, 1217, 1218, 1219, 1220, 1221, 1222, 1223, 1224, 1225, 1226, 1227, 1228, 1229, 1230, 1231, 1232, 1233, 1234, 1235, 1236, 1237, 1238, 1239, 1240, 1241, 1242, 1243, 1244, 1245, 1246, 1247, 1248, 1249, 1250, 1251, 1252, 1253, 1254, 1255, 1256, 1257, 1258, 1259, 1260, 1261, 1262, 126
3, 1264, 1265, 1266, 1267, 1268, 1269, 1412, 1414, 1416, 1417, 1419]
spaces len  83
points len  173
total updated is  83 [199, 200, 201, 202, 203, 204, 205, 206, 207, 208, 209, 210, 211, 212, 213, 214, 215, 216, 217, 218, 219, 221, 222, 223, 224, 225, 226, 227, 228, 230, 231, 232, 233, 234, 235, 236, 237, 238, 239, 240, 241, 242, 243, 244, 245, 246, 247, 248, 250, 251, 252, 254, 255, 256, 257, 258, 259, 260, 261, 262, 263, 264, 265, 295, 296,
297, 298, 527, 529, 533, 534, 535, 541, 542, 543, 544, 545, 546, 550, 553, 554, 555, 556]
spaces len  0
points len  0
total updated is  0 []
spaces len  33
points len  37
total updated is  33 [37, 39, 42, 43, 47, 79, 80, 82, 83, 84, 85, 87, 88, 89, 90, 91, 94, 98, 101, 102, 103, 104, 105, 106, 107, 108, 109, 110, 111, 112, 115, 117, 118]
